Apache Maven 3.8.4 (9b656c72d54e5bacbed989b64718c159fe39b537)
Maven home: /usr/local/Cellar/maven/3.8.4/libexec
Java version: 17.0.1, vendor: Homebrew, runtime: /usr/local/Cellar/openjdk/17.0.1_1/libexec/openjdk.jdk/Contents/Home
Default locale: en_US, platform encoding: UTF-8
OS name: "mac os x", version: "12.3.1", arch: "x86_64", family: "mac"
[DEBUG] Created new class realm maven.api
[DEBUG] Importing foreign packages into class realm maven.api
[DEBUG]   Imported: javax.annotation.* < plexus.core
[DEBUG]   Imported: javax.annotation.security.* < plexus.core
[DEBUG]   Imported: javax.inject.* < plexus.core
[DEBUG]   Imported: org.apache.maven.* < plexus.core
[DEBUG]   Imported: org.apache.maven.artifact < plexus.core
[DEBUG]   Imported: org.apache.maven.classrealm < plexus.core
[DEBUG]   Imported: org.apache.maven.cli < plexus.core
[DEBUG]   Imported: org.apache.maven.configuration < plexus.core
[DEBUG]   Imported: org.apache.maven.exception < plexus.core
[DEBUG]   Imported: org.apache.maven.execution < plexus.core
[DEBUG]   Imported: org.apache.maven.execution.scope < plexus.core
[DEBUG]   Imported: org.apache.maven.lifecycle < plexus.core
[DEBUG]   Imported: org.apache.maven.model < plexus.core
[DEBUG]   Imported: org.apache.maven.monitor < plexus.core
[DEBUG]   Imported: org.apache.maven.plugin < plexus.core
[DEBUG]   Imported: org.apache.maven.profiles < plexus.core
[DEBUG]   Imported: org.apache.maven.project < plexus.core
[DEBUG]   Imported: org.apache.maven.reporting < plexus.core
[DEBUG]   Imported: org.apache.maven.repository < plexus.core
[DEBUG]   Imported: org.apache.maven.rtinfo < plexus.core
[DEBUG]   Imported: org.apache.maven.settings < plexus.core
[DEBUG]   Imported: org.apache.maven.toolchain < plexus.core
[DEBUG]   Imported: org.apache.maven.usability < plexus.core
[DEBUG]   Imported: org.apache.maven.wagon.* < plexus.core
[DEBUG]   Imported: org.apache.maven.wagon.authentication < plexus.core
[DEBUG]   Imported: org.apache.maven.wagon.authorization < plexus.core
[DEBUG]   Imported: org.apache.maven.wagon.events < plexus.core
[DEBUG]   Imported: org.apache.maven.wagon.observers < plexus.core
[DEBUG]   Imported: org.apache.maven.wagon.proxy < plexus.core
[DEBUG]   Imported: org.apache.maven.wagon.repository < plexus.core
[DEBUG]   Imported: org.apache.maven.wagon.resource < plexus.core
[DEBUG]   Imported: org.codehaus.classworlds < plexus.core
[DEBUG]   Imported: org.codehaus.plexus.* < plexus.core
[DEBUG]   Imported: org.codehaus.plexus.classworlds < plexus.core
[DEBUG]   Imported: org.codehaus.plexus.component < plexus.core
[DEBUG]   Imported: org.codehaus.plexus.configuration < plexus.core
[DEBUG]   Imported: org.codehaus.plexus.container < plexus.core
[DEBUG]   Imported: org.codehaus.plexus.context < plexus.core
[DEBUG]   Imported: org.codehaus.plexus.lifecycle < plexus.core
[DEBUG]   Imported: org.codehaus.plexus.logging < plexus.core
[DEBUG]   Imported: org.codehaus.plexus.personality < plexus.core
[DEBUG]   Imported: org.codehaus.plexus.util.xml.Xpp3Dom < plexus.core
[DEBUG]   Imported: org.codehaus.plexus.util.xml.pull.XmlPullParser < plexus.core
[DEBUG]   Imported: org.codehaus.plexus.util.xml.pull.XmlPullParserException < plexus.core
[DEBUG]   Imported: org.codehaus.plexus.util.xml.pull.XmlSerializer < plexus.core
[DEBUG]   Imported: org.eclipse.aether.* < plexus.core
[DEBUG]   Imported: org.eclipse.aether.artifact < plexus.core
[DEBUG]   Imported: org.eclipse.aether.collection < plexus.core
[DEBUG]   Imported: org.eclipse.aether.deployment < plexus.core
[DEBUG]   Imported: org.eclipse.aether.graph < plexus.core
[DEBUG]   Imported: org.eclipse.aether.impl < plexus.core
[DEBUG]   Imported: org.eclipse.aether.installation < plexus.core
[DEBUG]   Imported: org.eclipse.aether.internal.impl < plexus.core
[DEBUG]   Imported: org.eclipse.aether.metadata < plexus.core
[DEBUG]   Imported: org.eclipse.aether.repository < plexus.core
[DEBUG]   Imported: org.eclipse.aether.resolution < plexus.core
[DEBUG]   Imported: org.eclipse.aether.spi < plexus.core
[DEBUG]   Imported: org.eclipse.aether.transfer < plexus.core
[DEBUG]   Imported: org.eclipse.aether.version < plexus.core
[DEBUG]   Imported: org.fusesource.jansi.* < plexus.core
[DEBUG]   Imported: org.slf4j.* < plexus.core
[DEBUG]   Imported: org.slf4j.event.* < plexus.core
[DEBUG]   Imported: org.slf4j.helpers.* < plexus.core
[DEBUG]   Imported: org.slf4j.spi.* < plexus.core
[DEBUG] Populating class realm maven.api
[INFO] Error stacktraces are turned on.
[DEBUG] Message scheme: color
[DEBUG] Message styles: debug info warning error success failure strong mojo project
[DEBUG] Reading global settings from /usr/local/Cellar/maven/3.8.4/libexec/conf/settings.xml
[DEBUG] Reading user settings from /Users/shane/.m2/settings.xml
[DEBUG] Reading global toolchains from /usr/local/Cellar/maven/3.8.4/libexec/conf/toolchains.xml
[DEBUG] Reading user toolchains from /Users/shane/.m2/toolchains.xml
[DEBUG] Using local repository at /Users/shane/.m2/repository
[DEBUG] Using manager EnhancedLocalRepositoryManager with priority 10.0 for /Users/shane/.m2/repository
[INFO] Scanning for projects...
[DEBUG] Extension realms for project shcarr:worker:jar:1: (none)
[DEBUG] Looking up lifecycle mappings for packaging jar from ClassRealm[plexus.core, parent: null]
[DEBUG] === REACTOR BUILD PLAN ================================================
[DEBUG] Project: shcarr:worker:jar:1
[DEBUG] Tasks:   [install]
[DEBUG] Style:   Regular
[DEBUG] =======================================================================
[INFO] 
[INFO] ---------------------------< shcarr:worker >----------------------------
[INFO] Building worker 1
[INFO] --------------------------------[ jar ]---------------------------------
[DEBUG] Lifecycle default -> [validate, initialize, generate-sources, process-sources, generate-resources, process-resources, compile, process-classes, generate-test-sources, process-test-sources, generate-test-resources, process-test-resources, test-compile, process-test-classes, test, prepare-package, package, pre-integration-test, integration-test, post-integration-test, verify, install, deploy]
[DEBUG] Lifecycle clean -> [pre-clean, clean, post-clean]
[DEBUG] Lifecycle site -> [pre-site, site, post-site, site-deploy]
[DEBUG] Using mirror maven-default-http-blocker (http://0.0.0.0/) for apache.snapshots (http://repository.apache.org/snapshots).
[DEBUG] Lifecycle default -> [validate, initialize, generate-sources, process-sources, generate-resources, process-resources, compile, process-classes, generate-test-sources, process-test-sources, generate-test-resources, process-test-resources, test-compile, process-test-classes, test, prepare-package, package, pre-integration-test, integration-test, post-integration-test, verify, install, deploy]
[DEBUG] Lifecycle clean -> [pre-clean, clean, post-clean]
[DEBUG] Lifecycle site -> [pre-site, site, post-site, site-deploy]
[DEBUG] Lifecycle default -> [validate, initialize, generate-sources, process-sources, generate-resources, process-resources, compile, process-classes, generate-test-sources, process-test-sources, generate-test-resources, process-test-resources, test-compile, process-test-classes, test, prepare-package, package, pre-integration-test, integration-test, post-integration-test, verify, install, deploy]
[DEBUG] Lifecycle clean -> [pre-clean, clean, post-clean]
[DEBUG] Lifecycle site -> [pre-site, site, post-site, site-deploy]
[DEBUG] Lifecycle default -> [validate, initialize, generate-sources, process-sources, generate-resources, process-resources, compile, process-classes, generate-test-sources, process-test-sources, generate-test-resources, process-test-resources, test-compile, process-test-classes, test, prepare-package, package, pre-integration-test, integration-test, post-integration-test, verify, install, deploy]
[DEBUG] Lifecycle clean -> [pre-clean, clean, post-clean]
[DEBUG] Lifecycle site -> [pre-site, site, post-site, site-deploy]
[DEBUG] Lifecycle default -> [validate, initialize, generate-sources, process-sources, generate-resources, process-resources, compile, process-classes, generate-test-sources, process-test-sources, generate-test-resources, process-test-resources, test-compile, process-test-classes, test, prepare-package, package, pre-integration-test, integration-test, post-integration-test, verify, install, deploy]
[DEBUG] Lifecycle clean -> [pre-clean, clean, post-clean]
[DEBUG] Lifecycle site -> [pre-site, site, post-site, site-deploy]
[DEBUG] Lifecycle default -> [validate, initialize, generate-sources, process-sources, generate-resources, process-resources, compile, process-classes, generate-test-sources, process-test-sources, generate-test-resources, process-test-resources, test-compile, process-test-classes, test, prepare-package, package, pre-integration-test, integration-test, post-integration-test, verify, install, deploy]
[DEBUG] Lifecycle clean -> [pre-clean, clean, post-clean]
[DEBUG] Lifecycle site -> [pre-site, site, post-site, site-deploy]
[DEBUG] Lifecycle default -> [validate, initialize, generate-sources, process-sources, generate-resources, process-resources, compile, process-classes, generate-test-sources, process-test-sources, generate-test-resources, process-test-resources, test-compile, process-test-classes, test, prepare-package, package, pre-integration-test, integration-test, post-integration-test, verify, install, deploy]
[DEBUG] Lifecycle clean -> [pre-clean, clean, post-clean]
[DEBUG] Lifecycle site -> [pre-site, site, post-site, site-deploy]
[DEBUG] Lifecycle default -> [validate, initialize, generate-sources, process-sources, generate-resources, process-resources, compile, process-classes, generate-test-sources, process-test-sources, generate-test-resources, process-test-resources, test-compile, process-test-classes, test, prepare-package, package, pre-integration-test, integration-test, post-integration-test, verify, install, deploy]
[DEBUG] Lifecycle clean -> [pre-clean, clean, post-clean]
[DEBUG] Lifecycle site -> [pre-site, site, post-site, site-deploy]
[DEBUG] === PROJECT BUILD PLAN ================================================
[DEBUG] Project:       shcarr:worker:1
[DEBUG] Dependencies (collect): []
[DEBUG] Dependencies (resolve): [compile, runtime, test]
[DEBUG] Repositories (dependencies): [central (https://repo.maven.apache.org/maven2, default, releases)]
[DEBUG] Repositories (plugins)     : [central (https://repo.maven.apache.org/maven2, default, releases)]
[DEBUG] -----------------------------------------------------------------------
[DEBUG] Goal:          org.apache.maven.plugins:maven-resources-plugin:3.0.2:resources (default-resources)
[DEBUG] Style:         Regular
[DEBUG] Configuration: <?xml version="1.0" encoding="UTF-8"?>
<configuration>
  <addDefaultExcludes default-value="true"/>
  <buildFilters default-value="${project.build.filters}"/>
  <encoding default-value="${project.build.sourceEncoding}"/>
  <escapeWindowsPaths default-value="true"/>
  <fileNameFiltering default-value="false"/>
  <includeEmptyDirs default-value="false"/>
  <outputDirectory default-value="${project.build.outputDirectory}"/>
  <overwrite default-value="false"/>
  <project default-value="${project}"/>
  <resources default-value="${project.resources}"/>
  <session default-value="${session}"/>
  <skip default-value="false">${maven.resources.skip}</skip>
  <supportMultiLineFiltering default-value="false"/>
  <useBuildFilters default-value="true"/>
  <useDefaultDelimiters default-value="true"/>
</configuration>
[DEBUG] -----------------------------------------------------------------------
[DEBUG] Goal:          org.apache.maven.plugins:maven-compiler-plugin:3.8.0:compile (default-compile)
[DEBUG] Style:         Regular
[DEBUG] Configuration: <?xml version="1.0" encoding="UTF-8"?>
<configuration>
  <basedir default-value="${basedir}"/>
  <buildDirectory default-value="${project.build.directory}"/>
  <compilePath default-value="${project.compileClasspathElements}"/>
  <compileSourceRoots default-value="${project.compileSourceRoots}"/>
  <compilerId default-value="javac">${maven.compiler.compilerId}</compilerId>
  <compilerReuseStrategy default-value="${reuseCreated}">${maven.compiler.compilerReuseStrategy}</compilerReuseStrategy>
  <compilerVersion>${maven.compiler.compilerVersion}</compilerVersion>
  <debug default-value="true">${maven.compiler.debug}</debug>
  <debuglevel>${maven.compiler.debuglevel}</debuglevel>
  <encoding default-value="${project.build.sourceEncoding}">${encoding}</encoding>
  <executable>${maven.compiler.executable}</executable>
  <failOnError default-value="true">${maven.compiler.failOnError}</failOnError>
  <failOnWarning default-value="false">${maven.compiler.failOnWarning}</failOnWarning>
  <forceJavacCompilerUse default-value="false">${maven.compiler.forceJavacCompilerUse}</forceJavacCompilerUse>
  <fork default-value="false">${maven.compiler.fork}</fork>
  <generatedSourcesDirectory default-value="${project.build.directory}/generated-sources/annotations"/>
  <maxmem>${maven.compiler.maxmem}</maxmem>
  <meminitial>${maven.compiler.meminitial}</meminitial>
  <mojoExecution default-value="${mojoExecution}"/>
  <optimize default-value="false">${maven.compiler.optimize}</optimize>
  <outputDirectory default-value="${project.build.outputDirectory}"/>
  <parameters default-value="false">${maven.compiler.parameters}</parameters>
  <project default-value="${project}"/>
  <projectArtifact default-value="${project.artifact}"/>
  <release>${maven.compiler.release}</release>
  <session default-value="${session}"/>
  <showDeprecation default-value="false">${maven.compiler.showDeprecation}</showDeprecation>
  <showWarnings default-value="false">${maven.compiler.showWarnings}</showWarnings>
  <skipMain>${maven.main.skip}</skipMain>
  <skipMultiThreadWarning default-value="false">${maven.compiler.skipMultiThreadWarning}</skipMultiThreadWarning>
  <source default-value="1.6">${maven.compiler.source}</source>
  <staleMillis default-value="0">${lastModGranularityMs}</staleMillis>
  <target default-value="1.6">${maven.compiler.target}</target>
  <useIncrementalCompilation default-value="true">${maven.compiler.useIncrementalCompilation}</useIncrementalCompilation>
  <verbose default-value="false">${maven.compiler.verbose}</verbose>
</configuration>
[DEBUG] -----------------------------------------------------------------------
[DEBUG] Goal:          org.apache.maven.plugins:maven-resources-plugin:3.0.2:testResources (default-testResources)
[DEBUG] Style:         Regular
[DEBUG] Configuration: <?xml version="1.0" encoding="UTF-8"?>
<configuration>
  <addDefaultExcludes default-value="true"/>
  <buildFilters default-value="${project.build.filters}"/>
  <encoding default-value="${project.build.sourceEncoding}"/>
  <escapeWindowsPaths default-value="true"/>
  <fileNameFiltering default-value="false"/>
  <includeEmptyDirs default-value="false"/>
  <outputDirectory default-value="${project.build.testOutputDirectory}"/>
  <overwrite default-value="false"/>
  <project default-value="${project}"/>
  <resources default-value="${project.testResources}"/>
  <session default-value="${session}"/>
  <skip default-value="false">${maven.test.skip}</skip>
  <supportMultiLineFiltering default-value="false"/>
  <useBuildFilters default-value="true"/>
  <useDefaultDelimiters default-value="true"/>
</configuration>
[DEBUG] -----------------------------------------------------------------------
[DEBUG] Goal:          org.apache.maven.plugins:maven-compiler-plugin:3.8.0:testCompile (default-testCompile)
[DEBUG] Style:         Regular
[DEBUG] Configuration: <?xml version="1.0" encoding="UTF-8"?>
<configuration>
  <basedir default-value="${basedir}"/>
  <buildDirectory default-value="${project.build.directory}"/>
  <compilePath default-value="${project.compileClasspathElements}"/>
  <compileSourceRoots default-value="${project.testCompileSourceRoots}"/>
  <compilerId default-value="javac">${maven.compiler.compilerId}</compilerId>
  <compilerReuseStrategy default-value="${reuseCreated}">${maven.compiler.compilerReuseStrategy}</compilerReuseStrategy>
  <compilerVersion>${maven.compiler.compilerVersion}</compilerVersion>
  <debug default-value="true">${maven.compiler.debug}</debug>
  <debuglevel>${maven.compiler.debuglevel}</debuglevel>
  <encoding default-value="${project.build.sourceEncoding}">${encoding}</encoding>
  <executable>${maven.compiler.executable}</executable>
  <failOnError default-value="true">${maven.compiler.failOnError}</failOnError>
  <failOnWarning default-value="false">${maven.compiler.failOnWarning}</failOnWarning>
  <forceJavacCompilerUse default-value="false">${maven.compiler.forceJavacCompilerUse}</forceJavacCompilerUse>
  <fork default-value="false">${maven.compiler.fork}</fork>
  <generatedTestSourcesDirectory default-value="${project.build.directory}/generated-test-sources/test-annotations"/>
  <maxmem>${maven.compiler.maxmem}</maxmem>
  <meminitial>${maven.compiler.meminitial}</meminitial>
  <mojoExecution default-value="${mojoExecution}"/>
  <optimize default-value="false">${maven.compiler.optimize}</optimize>
  <outputDirectory default-value="${project.build.testOutputDirectory}"/>
  <parameters default-value="false">${maven.compiler.parameters}</parameters>
  <project default-value="${project}"/>
  <release>${maven.compiler.release}</release>
  <session default-value="${session}"/>
  <showDeprecation default-value="false">${maven.compiler.showDeprecation}</showDeprecation>
  <showWarnings default-value="false">${maven.compiler.showWarnings}</showWarnings>
  <skip>${maven.test.skip}</skip>
  <skipMultiThreadWarning default-value="false">${maven.compiler.skipMultiThreadWarning}</skipMultiThreadWarning>
  <source default-value="1.6">${maven.compiler.source}</source>
  <staleMillis default-value="0">${lastModGranularityMs}</staleMillis>
  <target default-value="1.6">${maven.compiler.target}</target>
  <testPath default-value="${project.testClasspathElements}"/>
  <testRelease>${maven.compiler.testRelease}</testRelease>
  <testSource>${maven.compiler.testSource}</testSource>
  <testTarget>${maven.compiler.testTarget}</testTarget>
  <useIncrementalCompilation default-value="true">${maven.compiler.useIncrementalCompilation}</useIncrementalCompilation>
  <verbose default-value="false">${maven.compiler.verbose}</verbose>
</configuration>
[DEBUG] -----------------------------------------------------------------------
[DEBUG] Goal:          org.apache.maven.plugins:maven-surefire-plugin:2.22.1:test (default-test)
[DEBUG] Style:         Regular
[DEBUG] Configuration: <?xml version="1.0" encoding="UTF-8"?>
<configuration>
  <additionalClasspathElements>${maven.test.additionalClasspath}</additionalClasspathElements>
  <argLine>${argLine}</argLine>
  <basedir default-value="${basedir}"/>
  <childDelegation default-value="false">${childDelegation}</childDelegation>
  <classesDirectory default-value="${project.build.outputDirectory}"/>
  <classpathDependencyExcludes>${maven.test.dependency.excludes}</classpathDependencyExcludes>
  <debugForkedProcess>${maven.surefire.debug}</debugForkedProcess>
  <dependenciesToScan>${dependenciesToScan}</dependenciesToScan>
  <disableXmlReport default-value="false">${disableXmlReport}</disableXmlReport>
  <enableAssertions default-value="true">${enableAssertions}</enableAssertions>
  <encoding default-value="${project.reporting.outputEncoding}">${surefire.encoding}</encoding>
  <excludedGroups>${excludedGroups}</excludedGroups>
  <excludesFile>${surefire.excludesFile}</excludesFile>
  <failIfNoSpecifiedTests>${surefire.failIfNoSpecifiedTests}</failIfNoSpecifiedTests>
  <failIfNoTests>${failIfNoTests}</failIfNoTests>
  <forkCount default-value="1">${forkCount}</forkCount>
  <forkMode default-value="once">${forkMode}</forkMode>
  <forkedProcessExitTimeoutInSeconds default-value="30">${surefire.exitTimeout}</forkedProcessExitTimeoutInSeconds>
  <forkedProcessTimeoutInSeconds>${surefire.timeout}</forkedProcessTimeoutInSeconds>
  <groups>${groups}</groups>
  <includesFile>${surefire.includesFile}</includesFile>
  <junitArtifactName default-value="junit:junit">${junitArtifactName}</junitArtifactName>
  <junitPlatformArtifactName default-value="org.junit.platform:junit-platform-engine">${junitPlatformArtifactName}</junitPlatformArtifactName>
  <jvm>${jvm}</jvm>
  <localRepository default-value="${localRepository}"/>
  <objectFactory>${objectFactory}</objectFactory>
  <parallel>${parallel}</parallel>
  <parallelMavenExecution default-value="${session.parallel}"/>
  <parallelOptimized default-value="true">${parallelOptimized}</parallelOptimized>
  <parallelTestsTimeoutForcedInSeconds>${surefire.parallel.forcedTimeout}</parallelTestsTimeoutForcedInSeconds>
  <parallelTestsTimeoutInSeconds>${surefire.parallel.timeout}</parallelTestsTimeoutInSeconds>
  <perCoreThreadCount default-value="true">${perCoreThreadCount}</perCoreThreadCount>
  <pluginArtifactMap>${plugin.artifactMap}</pluginArtifactMap>
  <pluginDescriptor default-value="${plugin}"/>
  <printSummary default-value="true">${surefire.printSummary}</printSummary>
  <projectArtifactMap>${project.artifactMap}</projectArtifactMap>
  <projectBuildDirectory default-value="${project.build.directory}"/>
  <redirectTestOutputToFile default-value="false">${maven.test.redirectTestOutputToFile}</redirectTestOutputToFile>
  <remoteRepositories default-value="${project.pluginArtifactRepositories}"/>
  <reportFormat default-value="brief">${surefire.reportFormat}</reportFormat>
  <reportNameSuffix default-value="">${surefire.reportNameSuffix}</reportNameSuffix>
  <reportsDirectory default-value="${project.build.directory}/surefire-reports"/>
  <rerunFailingTestsCount default-value="0">${surefire.rerunFailingTestsCount}</rerunFailingTestsCount>
  <reuseForks default-value="true">${reuseForks}</reuseForks>
  <runOrder default-value="filesystem">${surefire.runOrder}</runOrder>
  <shutdown default-value="testset">${surefire.shutdown}</shutdown>
  <skip default-value="false">${maven.test.skip}</skip>
  <skipAfterFailureCount default-value="0">${surefire.skipAfterFailureCount}</skipAfterFailureCount>
  <skipExec>${maven.test.skip.exec}</skipExec>
  <skipTests default-value="false">${skipTests}</skipTests>
  <suiteXmlFiles>${surefire.suiteXmlFiles}</suiteXmlFiles>
  <tempDir default-value="surefire">${tempDir}</tempDir>
  <test>${test}</test>
  <testClassesDirectory default-value="${project.build.testOutputDirectory}"/>
  <testFailureIgnore default-value="false">${maven.test.failure.ignore}</testFailureIgnore>
  <testNGArtifactName default-value="org.testng:testng">${testNGArtifactName}</testNGArtifactName>
  <testSourceDirectory default-value="${project.build.testSourceDirectory}"/>
  <threadCount>${threadCount}</threadCount>
  <threadCountClasses default-value="0">${threadCountClasses}</threadCountClasses>
  <threadCountMethods default-value="0">${threadCountMethods}</threadCountMethods>
  <threadCountSuites default-value="0">${threadCountSuites}</threadCountSuites>
  <trimStackTrace default-value="true">${trimStackTrace}</trimStackTrace>
  <useFile default-value="true">${surefire.useFile}</useFile>
  <useManifestOnlyJar default-value="true">${surefire.useManifestOnlyJar}</useManifestOnlyJar>
  <useSystemClassLoader default-value="true">${surefire.useSystemClassLoader}</useSystemClassLoader>
  <useUnlimitedThreads default-value="false">${useUnlimitedThreads}</useUnlimitedThreads>
  <workingDirectory>${basedir}</workingDirectory>
  <project default-value="${project}"/>
  <session default-value="${session}"/>
</configuration>
[DEBUG] -----------------------------------------------------------------------
[DEBUG] Goal:          org.apache.maven.plugins:maven-jar-plugin:3.0.2:jar (default-jar)
[DEBUG] Style:         Regular
[DEBUG] Configuration: <?xml version="1.0" encoding="UTF-8"?>
<configuration>
  <archive>
    <manifest>
      <addClasspath>true</addClasspath>
      <classpathPrefix>libs/</classpathPrefix>
      <mainClass>worker.Worker</mainClass>
    </manifest>
  </archive>
  <classesDirectory default-value="${project.build.outputDirectory}"/>
  <finalName default-value="${project.build.finalName}"/>
  <forceCreation default-value="false">${maven.jar.forceCreation}</forceCreation>
  <outputDirectory default-value="${project.build.directory}"/>
  <project default-value="${project}"/>
  <session default-value="${session}"/>
  <skipIfEmpty default-value="false"/>
  <useDefaultManifestFile default-value="false">${jar.useDefaultManifestFile}</useDefaultManifestFile>
</configuration>
[DEBUG] -----------------------------------------------------------------------
[DEBUG] Goal:          org.apache.maven.plugins:maven-install-plugin:2.5.2:install (default-install)
[DEBUG] Style:         Regular
[DEBUG] Configuration: <?xml version="1.0" encoding="UTF-8"?>
<configuration>
  <artifact default-value="${project.artifact}"/>
  <attachedArtifacts default-value="${project.attachedArtifacts}"/>
  <createChecksum default-value="false">${createChecksum}</createChecksum>
  <installAtEnd default-value="false">${installAtEnd}</installAtEnd>
  <localRepository>${localRepository}</localRepository>
  <packaging default-value="${project.packaging}"/>
  <pomFile default-value="${project.file}"/>
  <project default-value="${project}"/>
  <reactorProjects default-value="${reactorProjects}"/>
  <skip default-value="false">${maven.install.skip}</skip>
  <updateReleaseInfo default-value="false">${updateReleaseInfo}</updateReleaseInfo>
</configuration>
[DEBUG] =======================================================================
[DEBUG] Dependency collection stats {ConflictMarker.analyzeTime=329152, ConflictMarker.markTime=88479, ConflictMarker.nodeCount=10, ConflictIdSorter.graphTime=182609, ConflictIdSorter.topsortTime=158739, ConflictIdSorter.conflictIdCount=8, ConflictIdSorter.conflictIdCycleCount=0, ConflictResolver.totalTime=1626942, ConflictResolver.conflictItemCount=9, DefaultDependencyCollector.collectTime=27618461, DefaultDependencyCollector.transformTime=3398190}
[DEBUG] shcarr:worker:jar:1
[DEBUG]    org.json:json:jar:20220320:compile
[DEBUG]    org.postgresql:postgresql:jar:42.3.4:compile
[DEBUG]       org.checkerframework:checker-qual:jar:3.5.0:runtime
[DEBUG]    junit:junit:jar:3.8.1:compile
[DEBUG]    redis.clients:jedis:jar:4.2.1:compile
[DEBUG]       org.slf4j:slf4j-api:jar:1.7.32:compile
[DEBUG]       org.apache.commons:commons-pool2:jar:2.11.1:compile
[DEBUG]       com.google.code.gson:gson:jar:2.8.9:compile
[INFO] 
[INFO] --- maven-resources-plugin:3.0.2:resources (default-resources) @ worker ---
[DEBUG] Using mirror maven-default-http-blocker (http://0.0.0.0/) for codehaus.snapshots (http://snapshots.repository.codehaus.org).
[DEBUG] Dependency collection stats {ConflictMarker.analyzeTime=136595, ConflictMarker.markTime=83322, ConflictMarker.nodeCount=68, ConflictIdSorter.graphTime=74082, ConflictIdSorter.topsortTime=22041, ConflictIdSorter.conflictIdCount=28, ConflictIdSorter.conflictIdCycleCount=0, ConflictResolver.totalTime=1310724, ConflictResolver.conflictItemCount=67, DefaultDependencyCollector.collectTime=89642780, DefaultDependencyCollector.transformTime=1670837}
[DEBUG] org.apache.maven.plugins:maven-resources-plugin:jar:3.0.2
[DEBUG]    org.apache.maven:maven-plugin-api:jar:3.0:compile
[DEBUG]       org.apache.maven:maven-artifact:jar:3.0:compile
[DEBUG]       org.sonatype.sisu:sisu-inject-plexus:jar:1.4.2:compile
[DEBUG]          org.sonatype.sisu:sisu-inject-bean:jar:1.4.2:compile
[DEBUG]             org.sonatype.sisu:sisu-guice:jar:noaop:2.1.7:compile
[DEBUG]    org.apache.maven:maven-core:jar:3.0:compile
[DEBUG]       org.apache.maven:maven-settings:jar:3.0:compile
[DEBUG]       org.apache.maven:maven-settings-builder:jar:3.0:compile
[DEBUG]       org.apache.maven:maven-repository-metadata:jar:3.0:compile
[DEBUG]       org.apache.maven:maven-model-builder:jar:3.0:compile
[DEBUG]       org.apache.maven:maven-aether-provider:jar:3.0:runtime
[DEBUG]       org.sonatype.aether:aether-impl:jar:1.7:compile
[DEBUG]          org.sonatype.aether:aether-spi:jar:1.7:compile
[DEBUG]       org.sonatype.aether:aether-api:jar:1.7:compile
[DEBUG]       org.sonatype.aether:aether-util:jar:1.7:compile
[DEBUG]       org.codehaus.plexus:plexus-classworlds:jar:2.2.3:compile
[DEBUG]       org.codehaus.plexus:plexus-component-annotations:jar:1.6:compile (version managed from default)
[DEBUG]       org.sonatype.plexus:plexus-sec-dispatcher:jar:1.3:compile
[DEBUG]          org.sonatype.plexus:plexus-cipher:jar:1.4:compile
[DEBUG]    org.apache.maven:maven-model:jar:3.0:compile
[DEBUG]    org.codehaus.plexus:plexus-utils:jar:3.0.24:compile
[DEBUG]    org.apache.maven.shared:maven-filtering:jar:3.1.1:compile
[DEBUG]       org.apache.maven.shared:maven-shared-utils:jar:3.0.0:compile
[DEBUG]          com.google.code.findbugs:jsr305:jar:2.0.1:compile
[DEBUG]       org.sonatype.plexus:plexus-build-api:jar:0.0.7:compile
[DEBUG]    commons-io:commons-io:jar:2.5:compile
[DEBUG]    org.codehaus.plexus:plexus-interpolation:jar:1.24:compile
[DEBUG] Created new class realm plugin>org.apache.maven.plugins:maven-resources-plugin:3.0.2
[DEBUG] Importing foreign packages into class realm plugin>org.apache.maven.plugins:maven-resources-plugin:3.0.2
[DEBUG]   Imported:  < maven.api
[DEBUG] Populating class realm plugin>org.apache.maven.plugins:maven-resources-plugin:3.0.2
[DEBUG]   Included: org.apache.maven.plugins:maven-resources-plugin:jar:3.0.2
[DEBUG]   Included: org.sonatype.sisu:sisu-inject-bean:jar:1.4.2
[DEBUG]   Included: org.sonatype.sisu:sisu-guice:jar:noaop:2.1.7
[DEBUG]   Included: org.sonatype.aether:aether-util:jar:1.7
[DEBUG]   Included: org.codehaus.plexus:plexus-component-annotations:jar:1.6
[DEBUG]   Included: org.sonatype.plexus:plexus-sec-dispatcher:jar:1.3
[DEBUG]   Included: org.sonatype.plexus:plexus-cipher:jar:1.4
[DEBUG]   Included: org.codehaus.plexus:plexus-utils:jar:3.0.24
[DEBUG]   Included: org.apache.maven.shared:maven-filtering:jar:3.1.1
[DEBUG]   Included: org.apache.maven.shared:maven-shared-utils:jar:3.0.0
[DEBUG]   Included: com.google.code.findbugs:jsr305:jar:2.0.1
[DEBUG]   Included: org.sonatype.plexus:plexus-build-api:jar:0.0.7
[DEBUG]   Included: commons-io:commons-io:jar:2.5
[DEBUG]   Included: org.codehaus.plexus:plexus-interpolation:jar:1.24
[DEBUG] Configuring mojo org.apache.maven.plugins:maven-resources-plugin:3.0.2:resources from plugin realm ClassRealm[plugin>org.apache.maven.plugins:maven-resources-plugin:3.0.2, parent: jdk.internal.loader.ClassLoaders$AppClassLoader@42110406]
[DEBUG] Configuring mojo 'org.apache.maven.plugins:maven-resources-plugin:3.0.2:resources' with basic configurator -->
[DEBUG]   (f) addDefaultExcludes = true
[DEBUG]   (f) buildFilters = []
[DEBUG]   (f) encoding = UTF-8
[DEBUG]   (f) escapeWindowsPaths = true
[DEBUG]   (f) fileNameFiltering = false
[DEBUG]   (s) includeEmptyDirs = false
[DEBUG]   (s) outputDirectory = /Users/shane/repo/distributedDockerTutorial/worker/target/classes
[DEBUG]   (s) overwrite = false
[DEBUG]   (f) project = MavenProject: shcarr:worker:1 @ /Users/shane/repo/distributedDockerTutorial/worker/pom.xml
[DEBUG]   (s) resources = [Resource {targetPath: null, filtering: false, FileSet {directory: /Users/shane/repo/distributedDockerTutorial/worker/src/main/resources, PatternSet [includes: {}, excludes: {}]}}]
[DEBUG]   (f) session = org.apache.maven.execution.MavenSession@6b587673
[DEBUG]   (f) skip = false
[DEBUG]   (f) supportMultiLineFiltering = false
[DEBUG]   (f) useBuildFilters = true
[DEBUG]   (s) useDefaultDelimiters = true
[DEBUG] -- end configuration --
[DEBUG] properties used {env.TERM=xterm-256color, java.specification.version=17, sun.arch.data.model=64, java.vendor.url=https://github.com/Homebrew/homebrew-core/issues, env.GOPATH=/Users/shane/go, sun.boot.library.path=/usr/local/Cellar/openjdk/17.0.1_1/libexec/openjdk.jdk/Contents/Home/lib, sun.java.command=org.codehaus.plexus.classworlds.launcher.Launcher install -X, jdk.debug=release, maven.version=3.8.4, java.specification.vendor=Oracle Corporation, java.version.date=2021-10-19, java.home=/usr/local/Cellar/openjdk/17.0.1_1/libexec/openjdk.jdk/Contents/Home, env.JENV_OPTIONS=, java.vm.specification.vendor=Oracle Corporation, java.specification.name=Java Platform API Specification, env.NVM_BIN=/Users/shane/.nvm/versions/node/v12.22.7/bin, sun.management.compiler=HotSpot 64-Bit Tiered Compilers, java.runtime.version=17.0.1+1, env.PATH=/usr/local/bin:/usr/local/Cellar/jenv/0.5.4/libexec/libexec:/Users/shane/.jenv/shims:/Users/shane/.jenv/bin:/Users/shane/.nvm/versions/node/v12.22.7/bin:/usr/local/bin:/usr/bin:/bin:/usr/sbin:/sbin:/Library/Apple/usr/bin:/Users/shane/go/bin:/usr/local/opt/go/libexec/bin, env.__CFBundleIdentifier=com.apple.Terminal, file.encoding=UTF-8, java.vendor.version=Homebrew, env.JENV_INSTALL_DIR=/usr/local/Cellar/jenv/0.5.4/libexec, env.SHLVL=1, project.baseUri=file:/Users/shane/repo/distributedDockerTutorial/worker/, java.io.tmpdir=/var/folders/_t/wy_m1q_55fs2dxh6wr296p1h0000gn/T/, java.version=17.0.1, env.JENV_FORCEJDKHOME=true, java.vm.specification.name=Java Virtual Machine Specification, native.encoding=UTF-8, java.library.path=/Users/shane/Library/Java/Extensions:/Library/Java/Extensions:/Network/Library/Java/Extensions:/System/Library/Java/Extensions:/usr/lib/java:., java.vendor=Homebrew, classworlds.conf=/usr/local/Cellar/maven/3.8.4/libexec/bin/m2.conf, sun.io.unicode.encoding=UnicodeBig, env.JENV_SHELL=zsh, env.LANG=en_US.UTF-8, java.vm.specification.version=17, os.name=Mac OS X, maven.compiler.source=17, user.home=/Users/shane, maven.build.timestamp=2022-04-24T05:31:00Z, env.JENV_FORCEJAVAHOME=true, path.separator=:, os.version=12.3.1, env.GOROOT=/usr/local/opt/go/libexec, java.vm.name=OpenJDK 64-Bit Server VM, env.SHELL=/bin/zsh, os.arch=x86_64, maven.multiModuleProjectDirectory=/Users/shane/repo/distributedDockerTutorial/worker, env.MAVEN_PROJECTBASEDIR=/Users/shane/repo/distributedDockerTutorial/worker, java.vm.info=mixed mode, sharing, env.JDK_HOME=/Users/shane/.jenv/versions/17, env.JENV_DIR=/Users/shane/repo/distributedDockerTutorial/worker, env.USER=shane, java.class.version=61.0, env.set=ANDROID_HOME=/Users/shane/Library/Android/sdk, env.JAVA_MAIN_CLASS_88975=org.codehaus.plexus.classworlds.launcher.Launcher, sun.jnu.encoding=UTF-8, env.NVM_INC=/Users/shane/.nvm/versions/node/v12.22.7/include/node, env.JENV_HOOK_PATH=:/Users/shane/.jenv/plugins/export/etc/jenv.d:/Users/shane/.jenv/plugins/maven/etc/jenv.d, maven.build.version=Apache Maven 3.8.4 (9b656c72d54e5bacbed989b64718c159fe39b537), maven.home=/usr/local/Cellar/maven/3.8.4/libexec, sun.stderr.encoding=UTF-8, env.JAVA_HOME=/Users/shane/.jenv/versions/17, env.JENV_LOADED=1, file.separator=/, java.vm.compressedOopsMode=Zero based, line.separator=
, env.TERM_PROGRAM_VERSION=444, user.name=shane, env.LOGNAME=shane, env.XPC_FLAGS=0x0, env.__CF_USER_TEXT_ENCODING=0x1F5:0x0:0x0, env.JENV_VERSION=17, env.TERM_SESSION_ID=201AEC45-2644-4A19-8636-77FA1DC5FEEB, env.SSH_AUTH_SOCK=/private/tmp/com.apple.launchd.Pedu8h10Cw/Listeners, maven.compiler.target=17, env.TMPDIR=/var/folders/_t/wy_m1q_55fs2dxh6wr296p1h0000gn/T/, library.jansi.path=/usr/local/Cellar/maven/3.8.4/libexec/lib/jansi-native, env.TERM_PROGRAM=Apple_Terminal, env.OLDPWD=/Users/shane/repo/distributedDockerTutorial/worker, env.PWD=/Users/shane/repo/distributedDockerTutorial/worker, java.class.path=/usr/local/Cellar/maven/3.8.4/libexec/boot/plexus-classworlds-2.6.0.jar, env.HOME=/Users/shane, java.vm.vendor=Homebrew, maven.conf=/usr/local/Cellar/maven/3.8.4/libexec/conf, sun.java.launcher=SUN_STANDARD, user.country=US, sun.cpu.endian=little, user.language=en, env.NVM_DIR=/Users/shane/.nvm, env.XPC_SERVICE_NAME=0, java.runtime.name=OpenJDK Runtime Environment, project.build.sourceEncoding=UTF-8, env.NVM_CD_FLAGS=-q, env.MAVEN_CMD_LINE_ARGS= install -X, java.vendor.url.bug=https://github.com/Homebrew/homebrew-core/issues, user.dir=/Users/shane/repo/distributedDockerTutorial/worker, java.vm.version=17.0.1+1, env.JENV_ROOT=/Users/shane/.jenv}
[INFO] Using 'UTF-8' encoding to copy filtered resources.
[DEBUG] resource with targetPath null
directory /Users/shane/repo/distributedDockerTutorial/worker/src/main/resources
excludes []
includes []
[INFO] skip non existing resourceDirectory /Users/shane/repo/distributedDockerTutorial/worker/src/main/resources
[DEBUG] no use filter components
[INFO] 
[INFO] --- maven-compiler-plugin:3.8.0:compile (default-compile) @ worker ---
[DEBUG] Using mirror maven-default-http-blocker (http://0.0.0.0/) for ow2-snapshot (http://repository.ow2.org/nexus/content/repositories/snapshots).
[DEBUG] Dependency collection stats {ConflictMarker.analyzeTime=233136, ConflictMarker.markTime=145213, ConflictMarker.nodeCount=118, ConflictIdSorter.graphTime=105109, ConflictIdSorter.topsortTime=34253, ConflictIdSorter.conflictIdCount=45, ConflictIdSorter.conflictIdCycleCount=0, ConflictResolver.totalTime=1187649, ConflictResolver.conflictItemCount=72, DefaultDependencyCollector.collectTime=66091517, DefaultDependencyCollector.transformTime=1725303}
[DEBUG] org.apache.maven.plugins:maven-compiler-plugin:jar:3.8.0
[DEBUG]    org.apache.maven:maven-plugin-api:jar:3.0:compile
[DEBUG]       org.apache.maven:maven-model:jar:3.0:compile
[DEBUG]       org.sonatype.sisu:sisu-inject-plexus:jar:1.4.2:compile
[DEBUG]          org.sonatype.sisu:sisu-inject-bean:jar:1.4.2:compile
[DEBUG]             org.sonatype.sisu:sisu-guice:jar:noaop:2.1.7:compile
[DEBUG]    org.apache.maven:maven-artifact:jar:3.0:compile
[DEBUG]       org.codehaus.plexus:plexus-utils:jar:2.0.4:compile
[DEBUG]    org.apache.maven:maven-core:jar:3.0:compile
[DEBUG]       org.apache.maven:maven-settings:jar:3.0:compile
[DEBUG]       org.apache.maven:maven-settings-builder:jar:3.0:compile
[DEBUG]       org.apache.maven:maven-repository-metadata:jar:3.0:compile
[DEBUG]       org.apache.maven:maven-model-builder:jar:3.0:compile
[DEBUG]       org.apache.maven:maven-aether-provider:jar:3.0:runtime
[DEBUG]       org.sonatype.aether:aether-impl:jar:1.7:compile
[DEBUG]          org.sonatype.aether:aether-spi:jar:1.7:compile
[DEBUG]       org.sonatype.aether:aether-api:jar:1.7:compile
[DEBUG]       org.sonatype.aether:aether-util:jar:1.7:compile
[DEBUG]       org.codehaus.plexus:plexus-interpolation:jar:1.14:compile
[DEBUG]       org.codehaus.plexus:plexus-classworlds:jar:2.2.3:compile
[DEBUG]       org.codehaus.plexus:plexus-component-annotations:jar:1.7.1:compile (version managed from default)
[DEBUG]       org.sonatype.plexus:plexus-sec-dispatcher:jar:1.3:compile
[DEBUG]          org.sonatype.plexus:plexus-cipher:jar:1.4:compile
[DEBUG]    org.apache.maven.shared:maven-shared-utils:jar:3.2.1:compile
[DEBUG]       commons-io:commons-io:jar:2.5:compile
[DEBUG]    org.apache.maven.shared:maven-shared-incremental:jar:1.1:compile
[DEBUG]    org.codehaus.plexus:plexus-java:jar:0.9.10:compile
[DEBUG]       org.ow2.asm:asm:jar:6.2:compile
[DEBUG]       com.thoughtworks.qdox:qdox:jar:2.0-M9:compile (version managed from default)
[DEBUG]    org.codehaus.plexus:plexus-compiler-api:jar:2.8.4:compile
[DEBUG]    org.codehaus.plexus:plexus-compiler-manager:jar:2.8.4:compile
[DEBUG]    org.codehaus.plexus:plexus-compiler-javac:jar:2.8.4:runtime
[DEBUG] Created new class realm plugin>org.apache.maven.plugins:maven-compiler-plugin:3.8.0
[DEBUG] Importing foreign packages into class realm plugin>org.apache.maven.plugins:maven-compiler-plugin:3.8.0
[DEBUG]   Imported:  < maven.api
[DEBUG] Populating class realm plugin>org.apache.maven.plugins:maven-compiler-plugin:3.8.0
[DEBUG]   Included: org.apache.maven.plugins:maven-compiler-plugin:jar:3.8.0
[DEBUG]   Included: org.sonatype.sisu:sisu-inject-bean:jar:1.4.2
[DEBUG]   Included: org.sonatype.sisu:sisu-guice:jar:noaop:2.1.7
[DEBUG]   Included: org.codehaus.plexus:plexus-utils:jar:2.0.4
[DEBUG]   Included: org.sonatype.aether:aether-util:jar:1.7
[DEBUG]   Included: org.codehaus.plexus:plexus-interpolation:jar:1.14
[DEBUG]   Included: org.codehaus.plexus:plexus-component-annotations:jar:1.7.1
[DEBUG]   Included: org.sonatype.plexus:plexus-sec-dispatcher:jar:1.3
[DEBUG]   Included: org.sonatype.plexus:plexus-cipher:jar:1.4
[DEBUG]   Included: org.apache.maven.shared:maven-shared-utils:jar:3.2.1
[DEBUG]   Included: commons-io:commons-io:jar:2.5
[DEBUG]   Included: org.apache.maven.shared:maven-shared-incremental:jar:1.1
[DEBUG]   Included: org.codehaus.plexus:plexus-java:jar:0.9.10
[DEBUG]   Included: org.ow2.asm:asm:jar:6.2
[DEBUG]   Included: com.thoughtworks.qdox:qdox:jar:2.0-M9
[DEBUG]   Included: org.codehaus.plexus:plexus-compiler-api:jar:2.8.4
[DEBUG]   Included: org.codehaus.plexus:plexus-compiler-manager:jar:2.8.4
[DEBUG]   Included: org.codehaus.plexus:plexus-compiler-javac:jar:2.8.4
[DEBUG] Configuring mojo org.apache.maven.plugins:maven-compiler-plugin:3.8.0:compile from plugin realm ClassRealm[plugin>org.apache.maven.plugins:maven-compiler-plugin:3.8.0, parent: jdk.internal.loader.ClassLoaders$AppClassLoader@42110406]
[DEBUG] Configuring mojo 'org.apache.maven.plugins:maven-compiler-plugin:3.8.0:compile' with basic configurator -->
[DEBUG]   (f) basedir = /Users/shane/repo/distributedDockerTutorial/worker
[DEBUG]   (f) buildDirectory = /Users/shane/repo/distributedDockerTutorial/worker/target
[DEBUG]   (f) compilePath = [/Users/shane/repo/distributedDockerTutorial/worker/target/classes, /Users/shane/.m2/repository/org/json/json/20220320/json-20220320.jar, /Users/shane/.m2/repository/org/postgresql/postgresql/42.3.4/postgresql-42.3.4.jar, /Users/shane/.m2/repository/junit/junit/3.8.1/junit-3.8.1.jar, /Users/shane/.m2/repository/redis/clients/jedis/4.2.1/jedis-4.2.1.jar, /Users/shane/.m2/repository/org/slf4j/slf4j-api/1.7.32/slf4j-api-1.7.32.jar, /Users/shane/.m2/repository/org/apache/commons/commons-pool2/2.11.1/commons-pool2-2.11.1.jar, /Users/shane/.m2/repository/com/google/code/gson/gson/2.8.9/gson-2.8.9.jar]
[DEBUG]   (f) compileSourceRoots = [/Users/shane/repo/distributedDockerTutorial/worker/src/main/java]
[DEBUG]   (f) compilerId = javac
[DEBUG]   (f) debug = true
[DEBUG]   (f) encoding = UTF-8
[DEBUG]   (f) failOnError = true
[DEBUG]   (f) failOnWarning = false
[DEBUG]   (f) forceJavacCompilerUse = false
[DEBUG]   (f) fork = false
[DEBUG]   (f) generatedSourcesDirectory = /Users/shane/repo/distributedDockerTutorial/worker/target/generated-sources/annotations
[DEBUG]   (f) mojoExecution = org.apache.maven.plugins:maven-compiler-plugin:3.8.0:compile {execution: default-compile}
[DEBUG]   (f) optimize = false
[DEBUG]   (f) outputDirectory = /Users/shane/repo/distributedDockerTutorial/worker/target/classes
[DEBUG]   (f) parameters = false
[DEBUG]   (f) project = MavenProject: shcarr:worker:1 @ /Users/shane/repo/distributedDockerTutorial/worker/pom.xml
[DEBUG]   (f) projectArtifact = shcarr:worker:jar:1
[DEBUG]   (f) session = org.apache.maven.execution.MavenSession@6b587673
[DEBUG]   (f) showDeprecation = false
[DEBUG]   (f) showWarnings = false
[DEBUG]   (f) skipMultiThreadWarning = false
[DEBUG]   (f) source = 17
[DEBUG]   (f) staleMillis = 0
[DEBUG]   (s) target = 17
[DEBUG]   (f) useIncrementalCompilation = true
[DEBUG]   (f) verbose = false
[DEBUG] -- end configuration --
[DEBUG] Using compiler 'javac'.
[DEBUG] Adding /Users/shane/repo/distributedDockerTutorial/worker/target/generated-sources/annotations to compile source roots:
  /Users/shane/repo/distributedDockerTutorial/worker/src/main/java
[DEBUG] New compile source roots:
  /Users/shane/repo/distributedDockerTutorial/worker/src/main/java
  /Users/shane/repo/distributedDockerTutorial/worker/target/generated-sources/annotations
[DEBUG] CompilerReuseStrategy: reuseCreated
[DEBUG] useIncrementalCompilation enabled
[INFO] Nothing to compile - all classes are up to date
[INFO] 
[INFO] --- maven-resources-plugin:3.0.2:testResources (default-testResources) @ worker ---
[DEBUG] Configuring mojo org.apache.maven.plugins:maven-resources-plugin:3.0.2:testResources from plugin realm ClassRealm[plugin>org.apache.maven.plugins:maven-resources-plugin:3.0.2, parent: jdk.internal.loader.ClassLoaders$AppClassLoader@42110406]
[DEBUG] Configuring mojo 'org.apache.maven.plugins:maven-resources-plugin:3.0.2:testResources' with basic configurator -->
[DEBUG]   (f) addDefaultExcludes = true
[DEBUG]   (f) buildFilters = []
[DEBUG]   (f) encoding = UTF-8
[DEBUG]   (f) escapeWindowsPaths = true
[DEBUG]   (f) fileNameFiltering = false
[DEBUG]   (s) includeEmptyDirs = false
[DEBUG]   (s) outputDirectory = /Users/shane/repo/distributedDockerTutorial/worker/target/test-classes
[DEBUG]   (s) overwrite = false
[DEBUG]   (f) project = MavenProject: shcarr:worker:1 @ /Users/shane/repo/distributedDockerTutorial/worker/pom.xml
[DEBUG]   (s) resources = [Resource {targetPath: null, filtering: false, FileSet {directory: /Users/shane/repo/distributedDockerTutorial/worker/src/test/resources, PatternSet [includes: {}, excludes: {}]}}]
[DEBUG]   (f) session = org.apache.maven.execution.MavenSession@6b587673
[DEBUG]   (f) skip = false
[DEBUG]   (f) supportMultiLineFiltering = false
[DEBUG]   (f) useBuildFilters = true
[DEBUG]   (s) useDefaultDelimiters = true
[DEBUG] -- end configuration --
[DEBUG] properties used {env.TERM=xterm-256color, java.specification.version=17, sun.arch.data.model=64, java.vendor.url=https://github.com/Homebrew/homebrew-core/issues, env.GOPATH=/Users/shane/go, sun.boot.library.path=/usr/local/Cellar/openjdk/17.0.1_1/libexec/openjdk.jdk/Contents/Home/lib, sun.java.command=org.codehaus.plexus.classworlds.launcher.Launcher install -X, jdk.debug=release, maven.version=3.8.4, java.specification.vendor=Oracle Corporation, java.version.date=2021-10-19, java.home=/usr/local/Cellar/openjdk/17.0.1_1/libexec/openjdk.jdk/Contents/Home, env.JENV_OPTIONS=, java.vm.specification.vendor=Oracle Corporation, java.specification.name=Java Platform API Specification, env.NVM_BIN=/Users/shane/.nvm/versions/node/v12.22.7/bin, sun.management.compiler=HotSpot 64-Bit Tiered Compilers, java.runtime.version=17.0.1+1, env.PATH=/usr/local/bin:/usr/local/Cellar/jenv/0.5.4/libexec/libexec:/Users/shane/.jenv/shims:/Users/shane/.jenv/bin:/Users/shane/.nvm/versions/node/v12.22.7/bin:/usr/local/bin:/usr/bin:/bin:/usr/sbin:/sbin:/Library/Apple/usr/bin:/Users/shane/go/bin:/usr/local/opt/go/libexec/bin, env.__CFBundleIdentifier=com.apple.Terminal, file.encoding=UTF-8, java.vendor.version=Homebrew, env.JENV_INSTALL_DIR=/usr/local/Cellar/jenv/0.5.4/libexec, env.SHLVL=1, project.baseUri=file:/Users/shane/repo/distributedDockerTutorial/worker/, java.io.tmpdir=/var/folders/_t/wy_m1q_55fs2dxh6wr296p1h0000gn/T/, java.version=17.0.1, env.JENV_FORCEJDKHOME=true, java.vm.specification.name=Java Virtual Machine Specification, native.encoding=UTF-8, java.library.path=/Users/shane/Library/Java/Extensions:/Library/Java/Extensions:/Network/Library/Java/Extensions:/System/Library/Java/Extensions:/usr/lib/java:., java.vendor=Homebrew, classworlds.conf=/usr/local/Cellar/maven/3.8.4/libexec/bin/m2.conf, sun.io.unicode.encoding=UnicodeBig, env.JENV_SHELL=zsh, env.LANG=en_US.UTF-8, java.vm.specification.version=17, os.name=Mac OS X, maven.compiler.source=17, user.home=/Users/shane, maven.build.timestamp=2022-04-24T05:31:00Z, env.JENV_FORCEJAVAHOME=true, path.separator=:, os.version=12.3.1, env.GOROOT=/usr/local/opt/go/libexec, java.vm.name=OpenJDK 64-Bit Server VM, env.SHELL=/bin/zsh, os.arch=x86_64, maven.multiModuleProjectDirectory=/Users/shane/repo/distributedDockerTutorial/worker, env.MAVEN_PROJECTBASEDIR=/Users/shane/repo/distributedDockerTutorial/worker, java.vm.info=mixed mode, sharing, env.JDK_HOME=/Users/shane/.jenv/versions/17, env.JENV_DIR=/Users/shane/repo/distributedDockerTutorial/worker, env.USER=shane, java.class.version=61.0, env.set=ANDROID_HOME=/Users/shane/Library/Android/sdk, env.JAVA_MAIN_CLASS_88975=org.codehaus.plexus.classworlds.launcher.Launcher, sun.jnu.encoding=UTF-8, env.NVM_INC=/Users/shane/.nvm/versions/node/v12.22.7/include/node, env.JENV_HOOK_PATH=:/Users/shane/.jenv/plugins/export/etc/jenv.d:/Users/shane/.jenv/plugins/maven/etc/jenv.d, maven.build.version=Apache Maven 3.8.4 (9b656c72d54e5bacbed989b64718c159fe39b537), maven.home=/usr/local/Cellar/maven/3.8.4/libexec, sun.stderr.encoding=UTF-8, env.JAVA_HOME=/Users/shane/.jenv/versions/17, env.JENV_LOADED=1, file.separator=/, java.vm.compressedOopsMode=Zero based, line.separator=
, env.TERM_PROGRAM_VERSION=444, user.name=shane, env.LOGNAME=shane, env.XPC_FLAGS=0x0, env.__CF_USER_TEXT_ENCODING=0x1F5:0x0:0x0, env.JENV_VERSION=17, env.TERM_SESSION_ID=201AEC45-2644-4A19-8636-77FA1DC5FEEB, env.SSH_AUTH_SOCK=/private/tmp/com.apple.launchd.Pedu8h10Cw/Listeners, maven.compiler.target=17, env.TMPDIR=/var/folders/_t/wy_m1q_55fs2dxh6wr296p1h0000gn/T/, library.jansi.path=/usr/local/Cellar/maven/3.8.4/libexec/lib/jansi-native, env.TERM_PROGRAM=Apple_Terminal, env.OLDPWD=/Users/shane/repo/distributedDockerTutorial/worker, env.PWD=/Users/shane/repo/distributedDockerTutorial/worker, java.class.path=/usr/local/Cellar/maven/3.8.4/libexec/boot/plexus-classworlds-2.6.0.jar, env.HOME=/Users/shane, java.vm.vendor=Homebrew, maven.conf=/usr/local/Cellar/maven/3.8.4/libexec/conf, sun.java.launcher=SUN_STANDARD, user.country=US, sun.cpu.endian=little, user.language=en, env.NVM_DIR=/Users/shane/.nvm, env.XPC_SERVICE_NAME=0, java.runtime.name=OpenJDK Runtime Environment, project.build.sourceEncoding=UTF-8, env.NVM_CD_FLAGS=-q, env.MAVEN_CMD_LINE_ARGS= install -X, java.vendor.url.bug=https://github.com/Homebrew/homebrew-core/issues, user.dir=/Users/shane/repo/distributedDockerTutorial/worker, java.vm.version=17.0.1+1, env.JENV_ROOT=/Users/shane/.jenv}
[INFO] Using 'UTF-8' encoding to copy filtered resources.
[DEBUG] resource with targetPath null
directory /Users/shane/repo/distributedDockerTutorial/worker/src/test/resources
excludes []
includes []
[INFO] skip non existing resourceDirectory /Users/shane/repo/distributedDockerTutorial/worker/src/test/resources
[DEBUG] no use filter components
[INFO] 
[INFO] --- maven-compiler-plugin:3.8.0:testCompile (default-testCompile) @ worker ---
[DEBUG] Configuring mojo org.apache.maven.plugins:maven-compiler-plugin:3.8.0:testCompile from plugin realm ClassRealm[plugin>org.apache.maven.plugins:maven-compiler-plugin:3.8.0, parent: jdk.internal.loader.ClassLoaders$AppClassLoader@42110406]
[DEBUG] Configuring mojo 'org.apache.maven.plugins:maven-compiler-plugin:3.8.0:testCompile' with basic configurator -->
[DEBUG]   (f) basedir = /Users/shane/repo/distributedDockerTutorial/worker
[DEBUG]   (f) buildDirectory = /Users/shane/repo/distributedDockerTutorial/worker/target
[DEBUG]   (f) compilePath = [/Users/shane/repo/distributedDockerTutorial/worker/target/classes, /Users/shane/.m2/repository/org/json/json/20220320/json-20220320.jar, /Users/shane/.m2/repository/org/postgresql/postgresql/42.3.4/postgresql-42.3.4.jar, /Users/shane/.m2/repository/junit/junit/3.8.1/junit-3.8.1.jar, /Users/shane/.m2/repository/redis/clients/jedis/4.2.1/jedis-4.2.1.jar, /Users/shane/.m2/repository/org/slf4j/slf4j-api/1.7.32/slf4j-api-1.7.32.jar, /Users/shane/.m2/repository/org/apache/commons/commons-pool2/2.11.1/commons-pool2-2.11.1.jar, /Users/shane/.m2/repository/com/google/code/gson/gson/2.8.9/gson-2.8.9.jar]
[DEBUG]   (f) compileSourceRoots = [/Users/shane/repo/distributedDockerTutorial/worker/src/test/java]
[DEBUG]   (f) compilerId = javac
[DEBUG]   (f) debug = true
[DEBUG]   (f) encoding = UTF-8
[DEBUG]   (f) failOnError = true
[DEBUG]   (f) failOnWarning = false
[DEBUG]   (f) forceJavacCompilerUse = false
[DEBUG]   (f) fork = false
[DEBUG]   (f) generatedTestSourcesDirectory = /Users/shane/repo/distributedDockerTutorial/worker/target/generated-test-sources/test-annotations
[DEBUG]   (f) mojoExecution = org.apache.maven.plugins:maven-compiler-plugin:3.8.0:testCompile {execution: default-testCompile}
[DEBUG]   (f) optimize = false
[DEBUG]   (f) outputDirectory = /Users/shane/repo/distributedDockerTutorial/worker/target/test-classes
[DEBUG]   (f) parameters = false
[DEBUG]   (f) project = MavenProject: shcarr:worker:1 @ /Users/shane/repo/distributedDockerTutorial/worker/pom.xml
[DEBUG]   (f) session = org.apache.maven.execution.MavenSession@6b587673
[DEBUG]   (f) showDeprecation = false
[DEBUG]   (f) showWarnings = false
[DEBUG]   (f) skipMultiThreadWarning = false
[DEBUG]   (f) source = 17
[DEBUG]   (f) staleMillis = 0
[DEBUG]   (s) target = 17
[DEBUG]   (f) testPath = [/Users/shane/repo/distributedDockerTutorial/worker/target/test-classes, /Users/shane/repo/distributedDockerTutorial/worker/target/classes, /Users/shane/.m2/repository/org/json/json/20220320/json-20220320.jar, /Users/shane/.m2/repository/org/postgresql/postgresql/42.3.4/postgresql-42.3.4.jar, /Users/shane/.m2/repository/org/checkerframework/checker-qual/3.5.0/checker-qual-3.5.0.jar, /Users/shane/.m2/repository/junit/junit/3.8.1/junit-3.8.1.jar, /Users/shane/.m2/repository/redis/clients/jedis/4.2.1/jedis-4.2.1.jar, /Users/shane/.m2/repository/org/slf4j/slf4j-api/1.7.32/slf4j-api-1.7.32.jar, /Users/shane/.m2/repository/org/apache/commons/commons-pool2/2.11.1/commons-pool2-2.11.1.jar, /Users/shane/.m2/repository/com/google/code/gson/gson/2.8.9/gson-2.8.9.jar]
[DEBUG]   (f) useIncrementalCompilation = true
[DEBUG]   (f) verbose = false
[DEBUG] -- end configuration --
[DEBUG] Using compiler 'javac'.
[DEBUG] Adding /Users/shane/repo/distributedDockerTutorial/worker/target/generated-test-sources/test-annotations to test-compile source roots:
  /Users/shane/repo/distributedDockerTutorial/worker/src/test/java
[DEBUG] New test-compile source roots:
  /Users/shane/repo/distributedDockerTutorial/worker/src/test/java
  /Users/shane/repo/distributedDockerTutorial/worker/target/generated-test-sources/test-annotations
[DEBUG] CompilerReuseStrategy: reuseCreated
[DEBUG] useIncrementalCompilation enabled
[INFO] Nothing to compile - all classes are up to date
[INFO] 
[INFO] --- maven-surefire-plugin:2.22.1:test (default-test) @ worker ---
[DEBUG] Using mirror maven-default-http-blocker (http://0.0.0.0/) for snapshots (http://snapshots.maven.codehaus.org/maven2).
[DEBUG] Using mirror maven-default-http-blocker (http://0.0.0.0/) for central (http://repo1.maven.org/maven2).
[DEBUG] Dependency collection stats {ConflictMarker.analyzeTime=190335, ConflictMarker.markTime=63378, ConflictMarker.nodeCount=114, ConflictIdSorter.graphTime=115983, ConflictIdSorter.topsortTime=25557, ConflictIdSorter.conflictIdCount=37, ConflictIdSorter.conflictIdCycleCount=0, ConflictResolver.totalTime=901514, ConflictResolver.conflictItemCount=79, DefaultDependencyCollector.collectTime=39362285, DefaultDependencyCollector.transformTime=1317126}
[DEBUG] org.apache.maven.plugins:maven-surefire-plugin:jar:2.22.1
[DEBUG]    org.apache.maven.surefire:maven-surefire-common:jar:2.22.1:compile
[DEBUG]       org.apache.maven:maven-plugin-api:jar:2.2.1:compile (version managed from default)
[DEBUG]       org.apache.maven.plugin-tools:maven-plugin-annotations:jar:3.5.2:compile (scope managed from default) (version managed from default)
[DEBUG]       org.apache.maven.surefire:surefire-api:jar:2.22.1:compile (version managed from default)
[DEBUG]          org.apache.maven.surefire:surefire-logger-api:jar:2.22.1:compile (version managed from default)
[DEBUG]       org.apache.maven.surefire:surefire-booter:jar:2.22.1:compile (version managed from default)
[DEBUG]       org.apache.maven:maven-artifact:jar:2.2.1:compile (version managed from default)
[DEBUG]          org.codehaus.plexus:plexus-utils:jar:1.5.15:compile
[DEBUG]       org.apache.maven:maven-plugin-descriptor:jar:2.2.1:compile (version managed from default)
[DEBUG]          org.codehaus.plexus:plexus-container-default:jar:1.0-alpha-9-stable-1:compile
[DEBUG]             junit:junit:jar:4.12:compile (version managed from default)
[DEBUG]                org.hamcrest:hamcrest-core:jar:1.3:compile
[DEBUG]       org.apache.maven:maven-project:jar:2.2.1:compile (version managed from default)
[DEBUG]          org.apache.maven:maven-settings:jar:2.2.1:compile (version managed from default)
[DEBUG]          org.apache.maven:maven-profile:jar:2.2.1:compile
[DEBUG]          org.apache.maven:maven-artifact-manager:jar:2.2.1:compile
[DEBUG]             backport-util-concurrent:backport-util-concurrent:jar:3.1:compile
[DEBUG]          org.apache.maven:maven-plugin-registry:jar:2.2.1:compile
[DEBUG]          org.codehaus.plexus:plexus-interpolation:jar:1.11:compile
[DEBUG]       org.apache.maven:maven-model:jar:2.2.1:compile (version managed from default)
[DEBUG]       org.apache.maven:maven-core:jar:2.2.1:compile (version managed from default) (exclusions managed from default)
[DEBUG]          org.apache.maven:maven-plugin-parameter-documenter:jar:2.2.1:compile
[DEBUG]          org.slf4j:slf4j-jdk14:jar:1.5.6:runtime
[DEBUG]             org.slf4j:slf4j-api:jar:1.5.6:runtime
[DEBUG]          org.slf4j:jcl-over-slf4j:jar:1.5.6:runtime
[DEBUG]          org.apache.maven.reporting:maven-reporting-api:jar:3.0:compile (version managed from default)
[DEBUG]          org.apache.maven:maven-repository-metadata:jar:2.2.1:compile
[DEBUG]          org.apache.maven:maven-error-diagnostics:jar:2.2.1:compile
[DEBUG]          org.apache.maven:maven-monitor:jar:2.2.1:compile
[DEBUG]          classworlds:classworlds:jar:1.1:compile
[DEBUG]          org.sonatype.plexus:plexus-sec-dispatcher:jar:1.3:compile
[DEBUG]             org.sonatype.plexus:plexus-cipher:jar:1.4:compile
[DEBUG]       org.apache.maven:maven-toolchain:jar:2.2.1:compile (version managed from default)
[DEBUG]       org.codehaus.plexus:plexus-java:jar:0.9.10:compile (version managed from default)
[DEBUG]          org.ow2.asm:asm:jar:6.2:compile
[DEBUG]          com.thoughtworks.qdox:qdox:jar:2.0-M8:compile
[DEBUG] Created new class realm plugin>org.apache.maven.plugins:maven-surefire-plugin:2.22.1
[DEBUG] Importing foreign packages into class realm plugin>org.apache.maven.plugins:maven-surefire-plugin:2.22.1
[DEBUG]   Imported:  < maven.api
[DEBUG] Populating class realm plugin>org.apache.maven.plugins:maven-surefire-plugin:2.22.1
[DEBUG]   Included: org.apache.maven.plugins:maven-surefire-plugin:jar:2.22.1
[DEBUG]   Included: org.apache.maven.surefire:maven-surefire-common:jar:2.22.1
[DEBUG]   Included: org.apache.maven.plugin-tools:maven-plugin-annotations:jar:3.5.2
[DEBUG]   Included: org.apache.maven.surefire:surefire-api:jar:2.22.1
[DEBUG]   Included: org.apache.maven.surefire:surefire-logger-api:jar:2.22.1
[DEBUG]   Included: org.apache.maven.surefire:surefire-booter:jar:2.22.1
[DEBUG]   Included: org.codehaus.plexus:plexus-utils:jar:1.5.15
[DEBUG]   Included: junit:junit:jar:4.12
[DEBUG]   Included: org.hamcrest:hamcrest-core:jar:1.3
[DEBUG]   Included: backport-util-concurrent:backport-util-concurrent:jar:3.1
[DEBUG]   Included: org.codehaus.plexus:plexus-interpolation:jar:1.11
[DEBUG]   Included: org.slf4j:slf4j-jdk14:jar:1.5.6
[DEBUG]   Included: org.slf4j:jcl-over-slf4j:jar:1.5.6
[DEBUG]   Included: org.apache.maven.reporting:maven-reporting-api:jar:3.0
[DEBUG]   Included: org.sonatype.plexus:plexus-sec-dispatcher:jar:1.3
[DEBUG]   Included: org.sonatype.plexus:plexus-cipher:jar:1.4
[DEBUG]   Included: org.codehaus.plexus:plexus-java:jar:0.9.10
[DEBUG]   Included: org.ow2.asm:asm:jar:6.2
[DEBUG]   Included: com.thoughtworks.qdox:qdox:jar:2.0-M8
[DEBUG] Configuring mojo org.apache.maven.plugins:maven-surefire-plugin:2.22.1:test from plugin realm ClassRealm[plugin>org.apache.maven.plugins:maven-surefire-plugin:2.22.1, parent: jdk.internal.loader.ClassLoaders$AppClassLoader@42110406]
[DEBUG] Configuring mojo 'org.apache.maven.plugins:maven-surefire-plugin:2.22.1:test' with basic configurator -->
[DEBUG]   (s) additionalClasspathElements = []
[DEBUG]   (s) basedir = /Users/shane/repo/distributedDockerTutorial/worker
[DEBUG]   (s) childDelegation = false
[DEBUG]   (s) classesDirectory = /Users/shane/repo/distributedDockerTutorial/worker/target/classes
[DEBUG]   (s) classpathDependencyExcludes = []
[DEBUG]   (s) dependenciesToScan = []
[DEBUG]   (s) disableXmlReport = false
[DEBUG]   (s) enableAssertions = true
[DEBUG]   (f) forkCount = 1
[DEBUG]   (s) forkMode = once
[DEBUG]   (s) forkedProcessExitTimeoutInSeconds = 30
[DEBUG]   (s) junitArtifactName = junit:junit
[DEBUG]   (s) junitPlatformArtifactName = org.junit.platform:junit-platform-engine
[DEBUG]   (s) localRepository =       id: local
      url: file:///Users/shane/.m2/repository/
   layout: default
snapshots: [enabled => true, update => always]
 releases: [enabled => true, update => always]
   blocked: false

[DEBUG]   (f) parallelMavenExecution = false
[DEBUG]   (s) parallelOptimized = true
[DEBUG]   (s) perCoreThreadCount = true
[DEBUG]   (s) pluginArtifactMap = {org.apache.maven.plugins:maven-surefire-plugin=org.apache.maven.plugins:maven-surefire-plugin:maven-plugin:2.22.1:, org.apache.maven.surefire:maven-surefire-common=org.apache.maven.surefire:maven-surefire-common:jar:2.22.1:compile, org.apache.maven:maven-plugin-api=org.apache.maven:maven-plugin-api:jar:2.2.1:compile, org.apache.maven.plugin-tools:maven-plugin-annotations=org.apache.maven.plugin-tools:maven-plugin-annotations:jar:3.5.2:compile, org.apache.maven.surefire:surefire-api=org.apache.maven.surefire:surefire-api:jar:2.22.1:compile, org.apache.maven.surefire:surefire-logger-api=org.apache.maven.surefire:surefire-logger-api:jar:2.22.1:compile, org.apache.maven.surefire:surefire-booter=org.apache.maven.surefire:surefire-booter:jar:2.22.1:compile, org.apache.maven:maven-artifact=org.apache.maven:maven-artifact:jar:2.2.1:compile, org.codehaus.plexus:plexus-utils=org.codehaus.plexus:plexus-utils:jar:1.5.15:compile, org.apache.maven:maven-plugin-descriptor=org.apache.maven:maven-plugin-descriptor:jar:2.2.1:compile, org.codehaus.plexus:plexus-container-default=org.codehaus.plexus:plexus-container-default:jar:1.0-alpha-9-stable-1:compile, junit:junit=junit:junit:jar:4.12:compile, org.hamcrest:hamcrest-core=org.hamcrest:hamcrest-core:jar:1.3:compile, org.apache.maven:maven-project=org.apache.maven:maven-project:jar:2.2.1:compile, org.apache.maven:maven-settings=org.apache.maven:maven-settings:jar:2.2.1:compile, org.apache.maven:maven-profile=org.apache.maven:maven-profile:jar:2.2.1:compile, org.apache.maven:maven-artifact-manager=org.apache.maven:maven-artifact-manager:jar:2.2.1:compile, backport-util-concurrent:backport-util-concurrent=backport-util-concurrent:backport-util-concurrent:jar:3.1:compile, org.apache.maven:maven-plugin-registry=org.apache.maven:maven-plugin-registry:jar:2.2.1:compile, org.codehaus.plexus:plexus-interpolation=org.codehaus.plexus:plexus-interpolation:jar:1.11:compile, org.apache.maven:maven-model=org.apache.maven:maven-model:jar:2.2.1:compile, org.apache.maven:maven-core=org.apache.maven:maven-core:jar:2.2.1:compile, org.apache.maven:maven-plugin-parameter-documenter=org.apache.maven:maven-plugin-parameter-documenter:jar:2.2.1:compile, org.slf4j:slf4j-jdk14=org.slf4j:slf4j-jdk14:jar:1.5.6:runtime, org.slf4j:slf4j-api=org.slf4j:slf4j-api:jar:1.5.6:runtime, org.slf4j:jcl-over-slf4j=org.slf4j:jcl-over-slf4j:jar:1.5.6:runtime, org.apache.maven.reporting:maven-reporting-api=org.apache.maven.reporting:maven-reporting-api:jar:3.0:compile, org.apache.maven:maven-repository-metadata=org.apache.maven:maven-repository-metadata:jar:2.2.1:compile, org.apache.maven:maven-error-diagnostics=org.apache.maven:maven-error-diagnostics:jar:2.2.1:compile, org.apache.maven:maven-monitor=org.apache.maven:maven-monitor:jar:2.2.1:compile, classworlds:classworlds=classworlds:classworlds:jar:1.1:compile, org.sonatype.plexus:plexus-sec-dispatcher=org.sonatype.plexus:plexus-sec-dispatcher:jar:1.3:compile, org.sonatype.plexus:plexus-cipher=org.sonatype.plexus:plexus-cipher:jar:1.4:compile, org.apache.maven:maven-toolchain=org.apache.maven:maven-toolchain:jar:2.2.1:compile, org.codehaus.plexus:plexus-java=org.codehaus.plexus:plexus-java:jar:0.9.10:compile, org.ow2.asm:asm=org.ow2.asm:asm:jar:6.2:compile, com.thoughtworks.qdox:qdox=com.thoughtworks.qdox:qdox:jar:2.0-M8:compile}
[DEBUG]   (f) pluginDescriptor = Component Descriptor: role: 'org.apache.maven.plugin.Mojo', implementation: 'org.apache.maven.plugin.surefire.HelpMojo', role hint: 'org.apache.maven.plugins:maven-surefire-plugin:2.22.1:help'
role: 'org.apache.maven.plugin.Mojo', implementation: 'org.apache.maven.plugin.surefire.SurefirePlugin', role hint: 'org.apache.maven.plugins:maven-surefire-plugin:2.22.1:test'
---
[DEBUG]   (s) printSummary = true
[DEBUG]   (s) projectArtifactMap = {org.json:json=org.json:json:jar:20220320:compile, org.postgresql:postgresql=org.postgresql:postgresql:jar:42.3.4:compile, org.checkerframework:checker-qual=org.checkerframework:checker-qual:jar:3.5.0:runtime, junit:junit=junit:junit:jar:3.8.1:compile, redis.clients:jedis=redis.clients:jedis:jar:4.2.1:compile, org.slf4j:slf4j-api=org.slf4j:slf4j-api:jar:1.7.32:compile, org.apache.commons:commons-pool2=org.apache.commons:commons-pool2:jar:2.11.1:compile, com.google.code.gson:gson=com.google.code.gson:gson:jar:2.8.9:compile}
[DEBUG]   (s) projectBuildDirectory = /Users/shane/repo/distributedDockerTutorial/worker/target
[DEBUG]   (s) redirectTestOutputToFile = false
[DEBUG]   (s) remoteRepositories = [      id: central
      url: https://repo.maven.apache.org/maven2
   layout: default
snapshots: [enabled => false, update => daily]
 releases: [enabled => true, update => never]
   blocked: false
]
[DEBUG]   (s) reportFormat = brief
[DEBUG]   (s) reportsDirectory = /Users/shane/repo/distributedDockerTutorial/worker/target/surefire-reports
[DEBUG]   (f) rerunFailingTestsCount = 0
[DEBUG]   (f) reuseForks = true
[DEBUG]   (s) runOrder = filesystem
[DEBUG]   (f) shutdown = testset
[DEBUG]   (s) skip = false
[DEBUG]   (f) skipAfterFailureCount = 0
[DEBUG]   (s) skipTests = false
[DEBUG]   (s) suiteXmlFiles = []
[DEBUG]   (s) tempDir = surefire
[DEBUG]   (s) testClassesDirectory = /Users/shane/repo/distributedDockerTutorial/worker/target/test-classes
[DEBUG]   (s) testFailureIgnore = false
[DEBUG]   (s) testNGArtifactName = org.testng:testng
[DEBUG]   (s) testSourceDirectory = /Users/shane/repo/distributedDockerTutorial/worker/src/test/java
[DEBUG]   (s) threadCountClasses = 0
[DEBUG]   (s) threadCountMethods = 0
[DEBUG]   (s) threadCountSuites = 0
[DEBUG]   (s) trimStackTrace = true
[DEBUG]   (s) useFile = true
[DEBUG]   (s) useManifestOnlyJar = true
[DEBUG]   (s) useSystemClassLoader = true
[DEBUG]   (s) useUnlimitedThreads = false
[DEBUG]   (s) workingDirectory = /Users/shane/repo/distributedDockerTutorial/worker
[DEBUG]   (s) project = MavenProject: shcarr:worker:1 @ /Users/shane/repo/distributedDockerTutorial/worker/pom.xml
[DEBUG]   (s) session = org.apache.maven.execution.MavenSession@6b587673
[DEBUG] -- end configuration --
[DEBUG] Surefire report directory: /Users/shane/repo/distributedDockerTutorial/worker/target/surefire-reports
[DEBUG] Setting system property [basedir]=[/Users/shane/repo/distributedDockerTutorial/worker]
[DEBUG] Setting system property [user.dir]=[/Users/shane/repo/distributedDockerTutorial/worker]
[DEBUG] Setting system property [localRepository]=[/Users/shane/.m2/repository]
[DEBUG] dummy:dummy:jar:1.0 (selected for null)
[DEBUG]   org.apache.maven.surefire:surefire-booter:jar:2.22.1:compile (selected for compile)
[DEBUG]     org.apache.maven.surefire:surefire-api:jar:2.22.1:compile (selected for compile)
[DEBUG]       org.apache.maven.surefire:surefire-logger-api:jar:2.22.1:compile (selected for compile)
[DEBUG] Adding to surefire booter test classpath: /Users/shane/.m2/repository/org/apache/maven/surefire/surefire-booter/2.22.1/surefire-booter-2.22.1.jar Scope: compile
[DEBUG] Adding to surefire booter test classpath: /Users/shane/.m2/repository/org/apache/maven/surefire/surefire-api/2.22.1/surefire-api-2.22.1.jar Scope: compile
[DEBUG] Adding to surefire booter test classpath: /Users/shane/.m2/repository/org/apache/maven/surefire/surefire-logger-api/2.22.1/surefire-logger-api-2.22.1.jar Scope: compile
[DEBUG] Using JVM: /usr/local/Cellar/openjdk/17.0.1_1/libexec/openjdk.jdk/Contents/Home/bin/java with Java version 17
[DEBUG] dummy:dummy:jar:1.0 (selected for null)
[DEBUG]   org.apache.maven.surefire:surefire-junit3:jar:2.22.1:test (selected for test)
[DEBUG]     org.apache.maven.surefire:surefire-api:jar:2.22.1:test (selected for test)
[DEBUG]       org.apache.maven.surefire:surefire-logger-api:jar:2.22.1:test (selected for test)
[DEBUG] Adding to surefire test classpath: /Users/shane/.m2/repository/org/apache/maven/surefire/surefire-junit3/2.22.1/surefire-junit3-2.22.1.jar Scope: test
[DEBUG] Adding to surefire test classpath: /Users/shane/.m2/repository/org/apache/maven/surefire/surefire-api/2.22.1/surefire-api-2.22.1.jar Scope: test
[DEBUG] Adding to surefire test classpath: /Users/shane/.m2/repository/org/apache/maven/surefire/surefire-logger-api/2.22.1/surefire-logger-api-2.22.1.jar Scope: test
[DEBUG] test classpath:  /Users/shane/repo/distributedDockerTutorial/worker/target/test-classes  /Users/shane/repo/distributedDockerTutorial/worker/target/classes  /Users/shane/.m2/repository/org/json/json/20220320/json-20220320.jar  /Users/shane/.m2/repository/org/postgresql/postgresql/42.3.4/postgresql-42.3.4.jar  /Users/shane/.m2/repository/org/checkerframework/checker-qual/3.5.0/checker-qual-3.5.0.jar  /Users/shane/.m2/repository/junit/junit/3.8.1/junit-3.8.1.jar  /Users/shane/.m2/repository/redis/clients/jedis/4.2.1/jedis-4.2.1.jar  /Users/shane/.m2/repository/org/slf4j/slf4j-api/1.7.32/slf4j-api-1.7.32.jar  /Users/shane/.m2/repository/org/apache/commons/commons-pool2/2.11.1/commons-pool2-2.11.1.jar  /Users/shane/.m2/repository/com/google/code/gson/gson/2.8.9/gson-2.8.9.jar
[DEBUG] provider classpath:  /Users/shane/.m2/repository/org/apache/maven/surefire/surefire-junit3/2.22.1/surefire-junit3-2.22.1.jar  /Users/shane/.m2/repository/org/apache/maven/surefire/surefire-api/2.22.1/surefire-api-2.22.1.jar  /Users/shane/.m2/repository/org/apache/maven/surefire/surefire-logger-api/2.22.1/surefire-logger-api-2.22.1.jar
[DEBUG] test(compact) classpath:  test-classes  classes  json-20220320.jar  postgresql-42.3.4.jar  checker-qual-3.5.0.jar  junit-3.8.1.jar  jedis-4.2.1.jar  slf4j-api-1.7.32.jar  commons-pool2-2.11.1.jar  gson-2.8.9.jar
[DEBUG] provider(compact) classpath:  surefire-junit3-2.22.1.jar  surefire-api-2.22.1.jar  surefire-logger-api-2.22.1.jar
[DEBUG] in-process classpath:  /Users/shane/.m2/repository/org/apache/maven/surefire/surefire-junit3/2.22.1/surefire-junit3-2.22.1.jar  /Users/shane/.m2/repository/org/apache/maven/surefire/surefire-api/2.22.1/surefire-api-2.22.1.jar  /Users/shane/.m2/repository/org/apache/maven/surefire/surefire-logger-api/2.22.1/surefire-logger-api-2.22.1.jar  /Users/shane/.m2/repository/org/apache/maven/surefire/maven-surefire-common/2.22.1/maven-surefire-common-2.22.1.jar
[DEBUG] in-process(compact) classpath:  surefire-junit3-2.22.1.jar  surefire-api-2.22.1.jar  surefire-logger-api-2.22.1.jar  maven-surefire-common-2.22.1.jar
[INFO] 
[INFO] -------------------------------------------------------
[INFO]  T E S T S
[INFO] -------------------------------------------------------
[DEBUG] Determined Maven Process ID 88975
[DEBUG] boot classpath:  /Users/shane/.m2/repository/org/apache/maven/surefire/surefire-booter/2.22.1/surefire-booter-2.22.1.jar  /Users/shane/.m2/repository/org/apache/maven/surefire/surefire-api/2.22.1/surefire-api-2.22.1.jar  /Users/shane/.m2/repository/org/apache/maven/surefire/surefire-logger-api/2.22.1/surefire-logger-api-2.22.1.jar  /Users/shane/repo/distributedDockerTutorial/worker/target/test-classes  /Users/shane/repo/distributedDockerTutorial/worker/target/classes  /Users/shane/.m2/repository/org/json/json/20220320/json-20220320.jar  /Users/shane/.m2/repository/org/postgresql/postgresql/42.3.4/postgresql-42.3.4.jar  /Users/shane/.m2/repository/org/checkerframework/checker-qual/3.5.0/checker-qual-3.5.0.jar  /Users/shane/.m2/repository/junit/junit/3.8.1/junit-3.8.1.jar  /Users/shane/.m2/repository/redis/clients/jedis/4.2.1/jedis-4.2.1.jar  /Users/shane/.m2/repository/org/slf4j/slf4j-api/1.7.32/slf4j-api-1.7.32.jar  /Users/shane/.m2/repository/org/apache/commons/commons-pool2/2.11.1/commons-pool2-2.11.1.jar  /Users/shane/.m2/repository/com/google/code/gson/gson/2.8.9/gson-2.8.9.jar  /Users/shane/.m2/repository/org/apache/maven/surefire/surefire-junit3/2.22.1/surefire-junit3-2.22.1.jar
[DEBUG] boot(compact) classpath:  surefire-booter-2.22.1.jar  surefire-api-2.22.1.jar  surefire-logger-api-2.22.1.jar  test-classes  classes  json-20220320.jar  postgresql-42.3.4.jar  checker-qual-3.5.0.jar  junit-3.8.1.jar  jedis-4.2.1.jar  slf4j-api-1.7.32.jar  commons-pool2-2.11.1.jar  gson-2.8.9.jar  surefire-junit3-2.22.1.jar
[DEBUG] Forking command line: /bin/sh -c cd /Users/shane/repo/distributedDockerTutorial/worker && /usr/local/Cellar/openjdk/17.0.1_1/libexec/openjdk.jdk/Contents/Home/bin/java -jar /Users/shane/repo/distributedDockerTutorial/worker/target/surefire/surefirebooter5445379237875476658.jar /Users/shane/repo/distributedDockerTutorial/worker/target/surefire 2022-04-23T22-31-00_515-jvmRun1 surefire8001592547847670352tmp surefire_01649177735610973791tmp
[INFO] Running worker.AppTest
[INFO] Tests run: 1, Failures: 0, Errors: 0, Skipped: 0, Time elapsed: 0.005 s - in worker.AppTest
[INFO] 
[INFO] Results:
[INFO] 
[INFO] Tests run: 1, Failures: 0, Errors: 0, Skipped: 0
[INFO] 
[INFO] 
[INFO] --- maven-jar-plugin:3.0.2:jar (default-jar) @ worker ---
[DEBUG] Dependency collection stats {ConflictMarker.analyzeTime=166247, ConflictMarker.markTime=62483, ConflictMarker.nodeCount=82, ConflictIdSorter.graphTime=113400, ConflictIdSorter.topsortTime=29917, ConflictIdSorter.conflictIdCount=31, ConflictIdSorter.conflictIdCycleCount=0, ConflictResolver.totalTime=872531, ConflictResolver.conflictItemCount=75, DefaultDependencyCollector.collectTime=30190427, DefaultDependencyCollector.transformTime=1275619}
[DEBUG] org.apache.maven.plugins:maven-jar-plugin:jar:3.0.2
[DEBUG]    org.apache.maven:maven-plugin-api:jar:3.0:compile
[DEBUG]       org.apache.maven:maven-model:jar:3.0:compile
[DEBUG]       org.sonatype.sisu:sisu-inject-plexus:jar:1.4.2:compile
[DEBUG]          org.sonatype.sisu:sisu-inject-bean:jar:1.4.2:compile
[DEBUG]             org.sonatype.sisu:sisu-guice:jar:noaop:2.1.7:compile
[DEBUG]    org.apache.maven:maven-core:jar:3.0:compile
[DEBUG]       org.apache.maven:maven-settings:jar:3.0:compile
[DEBUG]       org.apache.maven:maven-settings-builder:jar:3.0:compile
[DEBUG]       org.apache.maven:maven-repository-metadata:jar:3.0:compile
[DEBUG]       org.apache.maven:maven-model-builder:jar:3.0:compile
[DEBUG]       org.apache.maven:maven-aether-provider:jar:3.0:runtime
[DEBUG]       org.sonatype.aether:aether-impl:jar:1.7:compile
[DEBUG]          org.sonatype.aether:aether-spi:jar:1.7:compile
[DEBUG]       org.sonatype.aether:aether-api:jar:1.7:compile
[DEBUG]       org.sonatype.aether:aether-util:jar:1.7:compile
[DEBUG]       org.codehaus.plexus:plexus-interpolation:jar:1.14:compile
[DEBUG]       org.codehaus.plexus:plexus-classworlds:jar:2.2.3:compile
[DEBUG]       org.codehaus.plexus:plexus-component-annotations:jar:1.6:compile (version managed from default)
[DEBUG]       org.sonatype.plexus:plexus-sec-dispatcher:jar:1.3:compile
[DEBUG]          org.sonatype.plexus:plexus-cipher:jar:1.4:compile
[DEBUG]    org.apache.maven:maven-artifact:jar:3.0:compile
[DEBUG]    org.apache.maven:maven-archiver:jar:3.1.1:compile
[DEBUG]       org.apache.maven.shared:maven-shared-utils:jar:3.0.1:compile
[DEBUG]       commons-io:commons-io:jar:2.5:compile
[DEBUG]    org.codehaus.plexus:plexus-archiver:jar:3.4:compile
[DEBUG]       org.codehaus.plexus:plexus-io:jar:2.7.1:compile
[DEBUG]       org.apache.commons:commons-compress:jar:1.11:compile
[DEBUG]       org.iq80.snappy:snappy:jar:0.4:compile
[DEBUG]       org.tukaani:xz:jar:1.5:runtime
[DEBUG]    org.codehaus.plexus:plexus-utils:jar:3.0.24:compile
[DEBUG] Created new class realm plugin>org.apache.maven.plugins:maven-jar-plugin:3.0.2
[DEBUG] Importing foreign packages into class realm plugin>org.apache.maven.plugins:maven-jar-plugin:3.0.2
[DEBUG]   Imported:  < maven.api
[DEBUG] Populating class realm plugin>org.apache.maven.plugins:maven-jar-plugin:3.0.2
[DEBUG]   Included: org.apache.maven.plugins:maven-jar-plugin:jar:3.0.2
[DEBUG]   Included: org.sonatype.sisu:sisu-inject-bean:jar:1.4.2
[DEBUG]   Included: org.sonatype.sisu:sisu-guice:jar:noaop:2.1.7
[DEBUG]   Included: org.sonatype.aether:aether-util:jar:1.7
[DEBUG]   Included: org.codehaus.plexus:plexus-interpolation:jar:1.14
[DEBUG]   Included: org.codehaus.plexus:plexus-component-annotations:jar:1.6
[DEBUG]   Included: org.sonatype.plexus:plexus-sec-dispatcher:jar:1.3
[DEBUG]   Included: org.sonatype.plexus:plexus-cipher:jar:1.4
[DEBUG]   Included: org.apache.maven:maven-archiver:jar:3.1.1
[DEBUG]   Included: org.apache.maven.shared:maven-shared-utils:jar:3.0.1
[DEBUG]   Included: commons-io:commons-io:jar:2.5
[DEBUG]   Included: org.codehaus.plexus:plexus-archiver:jar:3.4
[DEBUG]   Included: org.codehaus.plexus:plexus-io:jar:2.7.1
[DEBUG]   Included: org.apache.commons:commons-compress:jar:1.11
[DEBUG]   Included: org.iq80.snappy:snappy:jar:0.4
[DEBUG]   Included: org.tukaani:xz:jar:1.5
[DEBUG]   Included: org.codehaus.plexus:plexus-utils:jar:3.0.24
[DEBUG] Configuring mojo org.apache.maven.plugins:maven-jar-plugin:3.0.2:jar from plugin realm ClassRealm[plugin>org.apache.maven.plugins:maven-jar-plugin:3.0.2, parent: jdk.internal.loader.ClassLoaders$AppClassLoader@42110406]
[DEBUG] Configuring mojo 'org.apache.maven.plugins:maven-jar-plugin:3.0.2:jar' with basic configurator -->
[DEBUG]   (s) addClasspath = true
[DEBUG]   (s) classpathPrefix = libs/
[DEBUG]   (s) mainClass = worker.Worker
[DEBUG]   (s) manifest = org.apache.maven.archiver.ManifestConfiguration@72fd8a3c
[DEBUG]   (f) archive = org.apache.maven.archiver.MavenArchiveConfiguration@1f9f381d
[DEBUG]   (f) classesDirectory = /Users/shane/repo/distributedDockerTutorial/worker/target/classes
[DEBUG]   (f) finalName = worker-1
[DEBUG]   (f) forceCreation = false
[DEBUG]   (f) outputDirectory = /Users/shane/repo/distributedDockerTutorial/worker/target
[DEBUG]   (f) project = MavenProject: shcarr:worker:1 @ /Users/shane/repo/distributedDockerTutorial/worker/pom.xml
[DEBUG]   (f) session = org.apache.maven.execution.MavenSession@6b587673
[DEBUG]   (f) skipIfEmpty = false
[DEBUG]   (f) useDefaultManifestFile = false
[DEBUG] -- end configuration --
[DEBUG] isUp2date: true
[DEBUG] Archive /Users/shane/repo/distributedDockerTutorial/worker/target/worker-1.jar is uptodate.
[INFO] 
[INFO] --- maven-install-plugin:2.5.2:install (default-install) @ worker ---
[DEBUG] Dependency collection stats {ConflictMarker.analyzeTime=42289, ConflictMarker.markTime=26549, ConflictMarker.nodeCount=40, ConflictIdSorter.graphTime=29953, ConflictIdSorter.topsortTime=15822, ConflictIdSorter.conflictIdCount=19, ConflictIdSorter.conflictIdCycleCount=0, ConflictResolver.totalTime=285163, ConflictResolver.conflictItemCount=40, DefaultDependencyCollector.collectTime=9169354, DefaultDependencyCollector.transformTime=421200}
[DEBUG] org.apache.maven.plugins:maven-install-plugin:jar:2.5.2
[DEBUG]    org.apache.maven:maven-plugin-api:jar:2.2.1:compile
[DEBUG]    org.apache.maven:maven-project:jar:2.2.1:compile
[DEBUG]       org.apache.maven:maven-settings:jar:2.2.1:compile
[DEBUG]       org.apache.maven:maven-profile:jar:2.2.1:compile
[DEBUG]       org.apache.maven:maven-plugin-registry:jar:2.2.1:compile
[DEBUG]       org.codehaus.plexus:plexus-interpolation:jar:1.11:compile
[DEBUG]       org.codehaus.plexus:plexus-container-default:jar:1.0-alpha-9-stable-1:compile
[DEBUG]          junit:junit:jar:3.8.1:compile
[DEBUG]          classworlds:classworlds:jar:1.1-alpha-2:compile
[DEBUG]    org.apache.maven:maven-model:jar:2.2.1:compile
[DEBUG]    org.apache.maven:maven-artifact-manager:jar:2.2.1:compile
[DEBUG]       org.apache.maven:maven-repository-metadata:jar:2.2.1:compile
[DEBUG]       backport-util-concurrent:backport-util-concurrent:jar:3.1:compile
[DEBUG]    org.apache.maven:maven-artifact:jar:2.2.1:compile
[DEBUG]    commons-codec:commons-codec:jar:1.6:compile
[DEBUG]    org.apache.maven.shared:maven-shared-utils:jar:0.4:compile
[DEBUG]       com.google.code.findbugs:jsr305:jar:2.0.1:compile
[DEBUG]    org.codehaus.plexus:plexus-utils:jar:3.0.15:compile
[DEBUG] Created new class realm plugin>org.apache.maven.plugins:maven-install-plugin:2.5.2
[DEBUG] Importing foreign packages into class realm plugin>org.apache.maven.plugins:maven-install-plugin:2.5.2
[DEBUG]   Imported:  < maven.api
[DEBUG] Populating class realm plugin>org.apache.maven.plugins:maven-install-plugin:2.5.2
[DEBUG]   Included: org.apache.maven.plugins:maven-install-plugin:jar:2.5.2
[DEBUG]   Included: org.codehaus.plexus:plexus-interpolation:jar:1.11
[DEBUG]   Included: junit:junit:jar:3.8.1
[DEBUG]   Included: backport-util-concurrent:backport-util-concurrent:jar:3.1
[DEBUG]   Included: commons-codec:commons-codec:jar:1.6
[DEBUG]   Included: org.apache.maven.shared:maven-shared-utils:jar:0.4
[DEBUG]   Included: com.google.code.findbugs:jsr305:jar:2.0.1
[DEBUG]   Included: org.codehaus.plexus:plexus-utils:jar:3.0.15
[DEBUG] Configuring mojo org.apache.maven.plugins:maven-install-plugin:2.5.2:install from plugin realm ClassRealm[plugin>org.apache.maven.plugins:maven-install-plugin:2.5.2, parent: jdk.internal.loader.ClassLoaders$AppClassLoader@42110406]
[DEBUG] Configuring mojo 'org.apache.maven.plugins:maven-install-plugin:2.5.2:install' with basic configurator -->
[DEBUG]   (f) artifact = shcarr:worker:jar:1
[DEBUG]   (f) attachedArtifacts = []
[DEBUG]   (f) createChecksum = false
[DEBUG]   (f) installAtEnd = false
[DEBUG]   (f) localRepository =       id: local
      url: file:///Users/shane/.m2/repository/
   layout: default
snapshots: [enabled => true, update => always]
 releases: [enabled => true, update => always]
   blocked: false

[DEBUG]   (f) packaging = jar
[DEBUG]   (f) pomFile = /Users/shane/repo/distributedDockerTutorial/worker/pom.xml
[DEBUG]   (f) project = MavenProject: shcarr:worker:1 @ /Users/shane/repo/distributedDockerTutorial/worker/pom.xml
[DEBUG]   (f) reactorProjects = [MavenProject: shcarr:worker:1 @ /Users/shane/repo/distributedDockerTutorial/worker/pom.xml]
[DEBUG]   (s) skip = false
[DEBUG]   (f) updateReleaseInfo = false
[DEBUG] -- end configuration --
[INFO] Installing /Users/shane/repo/distributedDockerTutorial/worker/target/worker-1.jar to /Users/shane/.m2/repository/shcarr/worker/1/worker-1.jar
[DEBUG] Skipped re-installing /Users/shane/repo/distributedDockerTutorial/worker/target/worker-1.jar to /Users/shane/.m2/repository/shcarr/worker/1/worker-1.jar, seems unchanged
[DEBUG] Writing tracking file /Users/shane/.m2/repository/shcarr/worker/1/_remote.repositories
[INFO] Installing /Users/shane/repo/distributedDockerTutorial/worker/pom.xml to /Users/shane/.m2/repository/shcarr/worker/1/worker-1.pom
[DEBUG] Writing tracking file /Users/shane/.m2/repository/shcarr/worker/1/_remote.repositories
[DEBUG] Installing shcarr:worker/maven-metadata.xml to /Users/shane/.m2/repository/shcarr/worker/maven-metadata-local.xml
[INFO] ------------------------------------------------------------------------
[INFO] BUILD SUCCESS
[INFO] ------------------------------------------------------------------------
[INFO] Total time:  1.362 s
[INFO] Finished at: 2022-04-23T22:31:01-07:00
[INFO] ------------------------------------------------------------------------
